13:48:54.981 [main] INFO  testCases.TC_001_AccountRegistrationTest - Clicked on MyAccount link
13:48:55.331 [main] INFO  testCases.TC_001_AccountRegistrationTest - Clicked on Registration link
13:48:59.433 [main] INFO  testCases.TC_001_AccountRegistrationTest - Clicked On Continue
13:48:59.465 [main] INFO  testCases.TC_001_AccountRegistrationTest - Validation Expeted Message...
13:48:59.468 [main] INFO  testCases.TC_001_AccountRegistrationTest - ***Finished TC_001_AccountRegistrationTest ***
13:49:01.579 [main] INFO  testCases.TC_002_LoginTest - ***Starting TC_002_LoginTest ***
13:49:03.224 [main] INFO  testCases.TC_002_LoginTest - Login test passed...
13:49:03.225 [main] INFO  testCases.TC_002_LoginTest - ***TC_002_LoginTest finished***
13:52:44.125 [main] INFO  org.testng.internal.Utils - [TestNG] Running:
  C:\Users\peerz\eclipse-workspace\opencart2\grouping.xml

13:52:46.869 [main] INFO  testCases.TC_001_AccountRegistrationTest - *** Starting TC_001_AccountRegistrationTest ***
13:52:46.952 [main] INFO  testCases.TC_001_AccountRegistrationTest - Clicked on MyAccount link
13:52:47.292 [main] INFO  testCases.TC_001_AccountRegistrationTest - Clicked on Registration link
13:52:51.478 [main] INFO  testCases.TC_001_AccountRegistrationTest - Clicked On Continue
13:52:51.518 [main] INFO  testCases.TC_001_AccountRegistrationTest - Validation Expeted Message...
13:52:53.771 [main] INFO  testCases.TC_002_LoginTest - ***Starting TC_002_LoginTest ***
13:52:54.791 [main] INFO  testCases.TC_002_LoginTest - Login test passed...
13:52:54.791 [main] INFO  testCases.TC_002_LoginTest - ***TC_002_LoginTest finished***
14:17:53.938 [main] INFO  org.testng.internal.Utils - [TestNG] Running:
  C:\Users\peerz\eclipse-workspace\opencart2\test-output\testng-failed.xml

14:17:56.872 [main] INFO  testCases.TC_001_AccountRegistrationTest - *** Starting TC_001_AccountRegistrationTest ***
14:17:56.977 [main] INFO  testCases.TC_001_AccountRegistrationTest - Clicked on MyAccount link
14:17:57.350 [main] INFO  testCases.TC_001_AccountRegistrationTest - Clicked on Registration link
14:18:01.521 [main] INFO  testCases.TC_001_AccountRegistrationTest - Clicked On Continue
14:18:01.561 [main] INFO  testCases.TC_001_AccountRegistrationTest - Validation Expeted Message...
14:18:01.564 [main] INFO  testCases.TC_001_AccountRegistrationTest - ***Finished TC_001_AccountRegistrationTest ***
14:18:44.619 [main] INFO  org.testng.internal.Utils - [TestNG] Running:
  C:\Users\peerz\eclipse-workspace\opencart2\test-output\testng-failed.xml

14:18:47.482 [main] INFO  testCases.TC_001_AccountRegistrationTest - *** Starting TC_001_AccountRegistrationTest ***
14:18:47.589 [main] INFO  testCases.TC_001_AccountRegistrationTest - Clicked on MyAccount link
14:18:47.984 [main] INFO  testCases.TC_001_AccountRegistrationTest - Clicked on Registration link
14:18:52.083 [main] INFO  testCases.TC_001_AccountRegistrationTest - Clicked On Continue
14:18:52.124 [main] INFO  testCases.TC_001_AccountRegistrationTest - Validation Expeted Message...
14:18:52.127 [main] INFO  testCases.TC_001_AccountRegistrationTest - ***Finished TC_001_AccountRegistrationTest ***
14:22:13.133 [main] INFO  org.testng.internal.Utils - [TestNG] Running:
  C:\Users\peerz\eclipse-workspace\opencart2\final.xml

14:22:16.932 [main] INFO  testCases.TC_001_AccountRegistrationTest - *** Starting TC_001_AccountRegistrationTest ***
14:22:17.035 [main] INFO  testCases.TC_001_AccountRegistrationTest - Clicked on MyAccount link
14:22:17.438 [main] INFO  testCases.TC_001_AccountRegistrationTest - Clicked on Registration link
14:22:21.610 [main] INFO  testCases.TC_001_AccountRegistrationTest - Clicked On Continue
14:22:21.648 [main] INFO  testCases.TC_001_AccountRegistrationTest - Validation Expeted Message...
14:22:21.650 [main] INFO  testCases.TC_001_AccountRegistrationTest - ***Finished TC_001_AccountRegistrationTest ***
14:22:23.713 [main] INFO  testCases.TC_002_LoginTest - ***Starting TC_002_LoginTest ***
14:22:24.790 [main] INFO  testCases.TC_002_LoginTest - Login test passed...
14:22:24.790 [main] INFO  testCases.TC_002_LoginTest - ***TC_002_LoginTest finished***
18:19:25.258 [main] INFO  org.testng.internal.Utils - [TestNG] Running:
  C:\Users\peerz\eclipse-workspace\opencart2\final.xml

18:19:29.149 [main] INFO  testCases.TC_001_AccountRegistrationTest - *** Starting TC_001_AccountRegistrationTest ***
18:19:29.256 [main] INFO  testCases.TC_001_AccountRegistrationTest - Clicked on MyAccount link
18:19:29.598 [main] INFO  testCases.TC_001_AccountRegistrationTest - Clicked on Registration link
18:19:33.746 [main] INFO  testCases.TC_001_AccountRegistrationTest - Clicked On Continue
18:19:33.801 [main] INFO  testCases.TC_001_AccountRegistrationTest - Validation Expeted Message...
18:19:33.804 [main] INFO  testCases.TC_001_AccountRegistrationTest - ***Finished TC_001_AccountRegistrationTest ***
18:19:35.939 [main] INFO  testCases.TC_002_LoginTest - ***Starting TC_002_LoginTest ***
